<?xml version="1.0" encoding="utf-8"?><testsuites name="pytest tests"><testsuite name="pytest" errors="0" failures="0" skipped="0" tests="119" time="11.773" timestamp="2026-07-06T13:44:35.457208+00:00" hostname="agent-env-97a0c3c3-9337-4460-9b8a-04e64de4d247"><testcase classname="tests.test_models_schema" name="test_all_expected_tables_registered" time="2.055" /><testcase classname="tests.test_models_schema" name="test_no_unexpected_tables" time="0.000" /><testcase classname="tests.test_models_schema" name="test_timestamp_columns[batches]" time="0.000" /><testcase classname="tests.test_models_schema" name="test_timestamp_columns[brands]" time="0.000" /><testcase classname="tests.test_models_schema" name="test_timestamp_columns[categories]" time="0.000" /><testcase classname="tests.test_models_schema" name="test_timestamp_columns[certifications]" time="0.000" /><testcase classname="tests.test_models_schema" name="test_timestamp_columns[courier_partners]" time="0.000" /><testcase classname="tests.test_models_schema" name="test_timestamp_columns[gst_rates]" time="0.000" /><testcase classname="tests.test_models_schema" name="test_timestamp_columns[hsn_codes]" time="0.000" /><testcase classname="tests.test_models_schema" name="test_timestamp_columns[payment_terms]" time="0.000" /><testcase classname="tests.test_models_schema" name="test_timestamp_columns[permissions]" time="0.000" /><testcase classname="tests.test_models_schema" name="test_timestamp_columns[product_documents]" time="0.000" /><testcase classname="tests.test_models_schema" name="test_timestamp_columns[product_images]" time="0.000" /><testcase classname="tests.test_models_schema" name="test_timestamp_columns[product_variants]" time="0.000" /><testcase classname="tests.test_models_schema" name="test_timestamp_columns[products]" time="0.000" /><testcase classname="tests.test_models_schema" name="test_timestamp_columns[roles]" time="0.000" /><testcase classname="tests.test_models_schema" name="test_timestamp_columns[sessions]" time="0.000" /><testcase classname="tests.test_models_schema" name="test_timestamp_columns[stock_adjustments]" time="0.000" /><testcase classname="tests.test_models_schema" name="test_timestamp_columns[stock_alerts]" time="0.000" /><testcase classname="tests.test_models_schema" name="test_timestamp_columns[stock_snapshots]" time="0.000" /><testcase classname="tests.test_models_schema" name="test_timestamp_columns[stock_transfer_items]" time="0.000" /><testcase classname="tests.test_models_schema" name="test_timestamp_columns[stock_transfers]" time="0.000" /><testcase classname="tests.test_models_schema" name="test_timestamp_columns[tax_rules]" time="0.000" /><testcase classname="tests.test_models_schema" name="test_timestamp_columns[transporters]" time="0.000" /><testcase classname="tests.test_models_schema" name="test_timestamp_columns[units]" time="0.000" /><testcase classname="tests.test_models_schema" name="test_timestamp_columns[user_invitations]" time="0.000" /><testcase classname="tests.test_models_schema" name="test_timestamp_columns[users]" time="0.000" /><testcase classname="tests.test_models_schema" name="test_timestamp_columns[warehouses]" time="0.000" /><testcase classname="tests.test_models_schema" name="test_soft_delete_columns[batches]" time="0.000" /><testcase classname="tests.test_models_schema" name="test_soft_delete_columns[brands]" time="0.001" /><testcase classname="tests.test_models_schema" name="test_soft_delete_columns[categories]" time="0.000" /><testcase classname="tests.test_models_schema" name="test_soft_delete_columns[certifications]" time="0.000" /><testcase classname="tests.test_models_schema" name="test_soft_delete_columns[courier_partners]" time="0.000" /><testcase classname="tests.test_models_schema" name="test_soft_delete_columns[gst_rates]" time="0.000" /><testcase classname="tests.test_models_schema" name="test_soft_delete_columns[hsn_codes]" time="0.000" /><testcase classname="tests.test_models_schema" name="test_soft_delete_columns[payment_terms]" time="0.000" /><testcase classname="tests.test_models_schema" name="test_soft_delete_columns[product_documents]" time="0.000" /><testcase classname="tests.test_models_schema" name="test_soft_delete_columns[product_images]" time="0.000" /><testcase classname="tests.test_models_schema" name="test_soft_delete_columns[product_variants]" time="0.000" /><testcase classname="tests.test_models_schema" name="test_soft_delete_columns[products]" time="0.000" /><testcase classname="tests.test_models_schema" name="test_soft_delete_columns[stock_adjustments]" time="0.000" /><testcase classname="tests.test_models_schema" name="test_soft_delete_columns[stock_transfers]" time="0.000" /><testcase classname="tests.test_models_schema" name="test_soft_delete_columns[tax_rules]" time="0.000" /><testcase classname="tests.test_models_schema" name="test_soft_delete_columns[transporters]" time="0.000" /><testcase classname="tests.test_models_schema" name="test_soft_delete_columns[units]" time="0.058" /><testcase classname="tests.test_models_schema" name="test_soft_delete_columns[users]" time="0.000" /><testcase classname="tests.test_models_schema" name="test_soft_delete_columns[warehouses]" time="0.000" /><testcase classname="tests.test_models_schema" name="test_users_pk_is_uuid_no_server_default" time="0.000" /><testcase classname="tests.test_models_schema" name="test_uuid_pks_have_gen_random_uuid_default" time="0.001" /><testcase classname="tests.test_models_schema" name="test_audit_log_is_wide" time="0.000" /><testcase classname="tests.test_models_schema" name="test_activity_log_shape" time="0.000" /><testcase classname="tests.test_models_schema" name="test_master_data_actor_columns" time="0.000" /><testcase classname="tests.test_models_schema" name="test_catalog_models_reexported" time="0.000" /><testcase classname="tests.test_models_schema" name="test_inventory_models_reexported" time="0.000" /><testcase classname="tests.test_models_schema" name="test_product_unique_constraints" time="0.000" /><testcase classname="tests.test_models_schema" name="test_variant_barcode_unique" time="0.000" /><testcase classname="tests.test_models_schema" name="test_stock_transfer_check_constraints" time="0.000" /><testcase classname="tests.test_models_schema" name="test_stock_ledger_qty_nonzero_check" time="0.000" /><testcase classname="tests.test_models_schema" name="test_stock_snapshot_available_nonnegative_check" time="0.000" /><testcase classname="tests.test_models_schema" name="test_batches_variant_batch_no_unique" time="0.000" /><testcase classname="tests.test_models_schema" name="test_price_history_journals_have_no_soft_delete" time="0.000" /><testcase classname="tests.test_models_schema" name="test_purchase_price_history_vendor_and_po_columns_present_without_fk" time="0.000" /><testcase classname="tests.test_auth" name="test_me_requires_bearer" time="3.336" /><testcase classname="tests.test_auth" name="test_me_success" time="0.119" /><testcase classname="tests.test_auth" name="test_expired_token_rejected" time="0.006" /><testcase classname="tests.test_auth" name="test_wrong_audience_rejected" time="0.005" /><testcase classname="tests.test_auth" name="test_tampered_signature_rejected" time="0.005" /><testcase classname="tests.test_auth" name="test_wrong_signing_secret_rejected" time="0.005" /><testcase classname="tests.test_auth" name="test_malformed_authorization_rejected" time="0.001" /><testcase classname="tests.test_auth" name="test_logout_revokes_session" time="0.070" /><testcase classname="tests.test_auth" name="test_suspended_user_rejected" time="0.005" /><testcase classname="tests.test_auth" name="test_missing_sub_rejected" time="0.002" /><testcase classname="tests.test_auth" name="test_sessions_lists_user_sessions" time="0.013" /><testcase classname="tests.test_audit_security" name="test_role_update_writes_audit_log" time="0.088" /><testcase classname="tests.test_audit_security" name="test_me_writes_activity_log" time="0.010" /><testcase classname="tests.test_audit_security" name="test_audit_endpoint_paginates" time="0.077" /><testcase classname="tests.test_audit_security" name="test_owasp_sql_injection_input_is_parameterised" time="0.012" /><testcase classname="tests.test_audit_security" name="test_owasp_idor_customer_cannot_read_another_users_detail" time="0.010" /><testcase classname="tests.test_audit_security" name="test_owasp_broken_auth_missing_bearer" time="0.001" /><testcase classname="tests.test_audit_security" name="test_owasp_broken_access_missing_permission" time="0.008" /><testcase classname="tests.test_audit_security" name="test_owasp_error_envelope_does_not_leak_internals" time="0.060" /><testcase classname="tests.test_audit_security" name="test_owasp_wrong_signing_algorithm_rejected" time="0.002" /><testcase classname="tests.test_audit_security" name="test_seed_is_idempotent" time="0.443" /><testcase classname="tests.test_edge_cases" name="test_pagination_page_zero_rejected" time="0.023" /><testcase classname="tests.test_edge_cases" name="test_pagination_page_size_over_limit_rejected" time="0.008" /><testcase classname="tests.test_edge_cases" name="test_get_user_by_invalid_uuid_returns_422" time="0.007" /><testcase classname="tests.test_edge_cases" name="test_get_user_by_unknown_uuid_returns_404" time="0.008" /><testcase classname="tests.test_edge_cases" name="test_role_duplicate_code_rejected" time="0.014" /><testcase classname="tests.test_edge_cases" name="test_role_unknown_permission_rejected" time="0.010" /><testcase classname="tests.test_edge_cases" name="test_invitation_unknown_role_rejected" time="0.009" /><testcase classname="tests.test_edge_cases" name="test_invitation_invalid_email_rejected" time="0.008" /><testcase classname="tests.test_edge_cases" name="test_error_envelope_includes_request_id" time="0.001" /><testcase classname="tests.test_edge_cases" name="test_list_users_batch_query_avoids_n_plus_one" time="0.070" /><testcase classname="tests.test_catalog_inventory" name="test_can_create_product_with_variant_image_certification_document" time="2.311" /><testcase classname="tests.test_rbac" name="test_every_seeded_permission_is_installed" time="0.002" /><testcase classname="tests.test_rbac" name="test_every_seeded_role_has_expected_permissions" time="0.008" /><testcase classname="tests.test_catalog_inventory" name="test_product_slug_and_sku_are_unique" time="0.020" /><testcase classname="tests.test_rbac" name="test_customer_cannot_read_audit" time="0.007" /><testcase classname="tests.test_rbac" name="test_customer_cannot_list_users" time="0.008" /><testcase classname="tests.test_catalog_inventory" name="test_price_history_journal_append_only_shape" time="0.074" /><testcase classname="tests.test_rbac" name="test_super_admin_reads_users" time="0.070" /><testcase classname="tests.test_rbac" name="test_super_admin_can_create_custom_role" time="0.012" /><testcase classname="tests.test_catalog_inventory" name="test_purchase_price_history_records_without_vendor_fk" time="0.020" /><testcase classname="tests.test_rbac" name="test_super_admin_cannot_delete_system_role" time="0.009" /><testcase classname="tests.test_rbac" name="test_permissions_catalog_readable_by_role_holder" time="0.010" /><testcase classname="tests.test_catalog_inventory" name="test_stock_ledger_qty_zero_rejected" time="0.094" /><testcase classname="tests.test_rbac" name="test_marketing_manager_cannot_manage_users" time="0.027" /><testcase classname="tests.test_catalog_inventory" name="test_stock_transfer_same_warehouse_rejected" time="0.018" /><testcase classname="tests.test_catalog_inventory" name="test_stock_snapshot_negative_available_rejected" time="0.074" /><testcase classname="tests.test_catalog_inventory" name="test_batch_variant_batch_no_uniqueness" time="0.021" /><testcase classname="tests.test_catalog_inventory" name="test_stock_valuation_view_computes_total" time="0.072" /><testcase classname="tests.test_catalog_inventory" name="test_stock_alert_lifecycle" time="0.021" /><testcase classname="tests.test_catalog_inventory" name="test_stock_snapshots_natural_key_uniqueness_with_null_batch" time="0.073" /><testcase classname="tests.test_migrations_cycle" name="test_upgrade_head_creates_expected_tables" time="1.575" /><testcase classname="tests.test_migrations_cycle" name="test_stock_valuation_view_exists" time="0.428" /><testcase classname="tests.test_migrations_cycle" name="test_downgrade_base_removes_all_tables" time="0.908" /><testcase classname="tests.test_migrations_cycle" name="test_enums_installed_after_upgrade" time="0.826" /><testcase classname="tests.test_migrations_cycle" name="test_extensions_installed" time="0.425" /><testcase classname="tests.test_migrations_cycle" name="test_no_autogenerate_drift" time="1.556" /></testsuite></testsuites>